<< CAP LS
<< NICK Sizzard
<< USER facarval facarval irc.dal.net :Fabio Carvalho Lopes
>> :bitcoin.uk.eu.dal.net NOTICE AUTH :*** Looking up your hostname...
>> :bitcoin.uk.eu.dal.net NOTICE AUTH :*** Found your hostname
>> :bitcoin.uk.eu.dal.net 001 Sizzard :Welcome to the DALnet IRC Network Sizzard!~facarval@62.210.34.48
<< MODE Sizzard +i
>> :bitcoin.uk.eu.dal.net 002 Sizzard :Your host is bitcoin.uk.eu.dal.net, running version bahamut-2.2.2
>> :bitcoin.uk.eu.dal.net 003 Sizzard :This server was created Sat 8 Oct 2022 at 14:41:03 BST
>> :bitcoin.uk.eu.dal.net 004 Sizzard bitcoin.uk.eu.dal.net bahamut-2.2.2 aAbcCdefFghHiIjkKmnoOPrRsSwxXy AbceiIjklLmMnoOpPrRsStv beIjklov
>> :bitcoin.uk.eu.dal.net 005 Sizzard NETWORK=DALnet SAFELIST MAXBANS=200 MAXCHANNELS=50 CHANNELLEN=32 KICKLEN=307 NICKLEN=30 TOPICLEN=307 MODES=6 CHANTYPES=# CHANLIMIT=#:50 PREFIX=(ohv)@%+ STATUSMSG=@%+ :are available on this server
>> :bitcoin.uk.eu.dal.net 005 Sizzard CASEMAPPING=ascii WATCH=128 SILENCE=10 ELIST=cmntu EXCEPTS INVEX CHANMODES=beI,k,jl,ciPAmMnOprRsSt MAXLIST=b:200,e:100,I:100 TARGMAX=DCCALLOW:,JOIN:,KICK:4,KILL:20,NOTICE:20,PART:,PRIVMSG:20,WHOIS:,WHOWAS: :are available on this server
>> :bitcoin.uk.eu.dal.net 251 Sizzard :There are 68 users and 7442 invisible on 37 servers
>> :bitcoin.uk.eu.dal.net 252 Sizzard 81 :IRC Operators online
>> :bitcoin.uk.eu.dal.net 254 Sizzard 3650 :channels formed
>> :bitcoin.uk.eu.dal.net 255 Sizzard :I have 320 clients and 1 servers
>> :bitcoin.uk.eu.dal.net 265 Sizzard :Current local users: 320 Max: 4001
>> :bitcoin.uk.eu.dal.net 266 Sizzard :Current global users: 7510 Max: 12809
>> :bitcoin.uk.eu.dal.net NOTICE Sizzard :*** Notice -- motd was last changed at 9/11/2017 12:51
>> :bitcoin.uk.eu.dal.net 375 Sizzard :- bitcoin.uk.eu.dal.net Message of the Day - 
>> :bitcoin.uk.eu.dal.net 372 Sizzard :-9/11/2017 12:51
>> :bitcoin.uk.eu.dal.net 372 Sizzard :-                 [ bitcoin.uk.eu.dal.net    ]
>> :bitcoin.uk.eu.dal.net 372 Sizzard :- 
>> :bitcoin.uk.eu.dal.net 372 Sizzard :-                 [ Accessible via...        ]
>> :bitcoin.uk.eu.dal.net 372 Sizzard :-                 [ ipv4: bitcoin.dal.net    ]
>> :bitcoin.uk.eu.dal.net 372 Sizzard :- 
>> :bitcoin.uk.eu.dal.net 372 Sizzard :- Thank you to Private Internet Access (https://www.privateinternetaccess.com) 
>> :bitcoin.uk.eu.dal.net 372 Sizzard :- for sponsoring this server.
>> :bitcoin.uk.eu.dal.net 372 Sizzard :- 
>> :bitcoin.uk.eu.dal.net 372 Sizzard :- Welcome to DALnet!  By connecting to this network, you agree to abide
>> :bitcoin.uk.eu.dal.net 372 Sizzard :- by its acceptable use policy, available here: http://www.dal.net/aup
>> :bitcoin.uk.eu.dal.net 372 Sizzard :- 
>> :bitcoin.uk.eu.dal.net 372 Sizzard :- Server Policies:
>> :bitcoin.uk.eu.dal.net 372 Sizzard :- 
>> :bitcoin.uk.eu.dal.net 372 Sizzard :-    *   We reserve the right to deny access to this server without
>> :bitcoin.uk.eu.dal.net 372 Sizzard :-        warning or explanation
>> :bitcoin.uk.eu.dal.net 372 Sizzard :-    *   No malicious bots, including flood and nick/channel chasers
>> :bitcoin.uk.eu.dal.net 372 Sizzard :-    *   No channel filler bots/clients/psybncs
>> :bitcoin.uk.eu.dal.net 372 Sizzard :-          - A channel filler is a client, bnc, or bot which is
>> :bitcoin.uk.eu.dal.net 372 Sizzard :-            connected just to fill a channel and make it look
>> :bitcoin.uk.eu.dal.net 372 Sizzard :-            bigger
>> :bitcoin.uk.eu.dal.net 372 Sizzard :-    *   Operator impersonation, spamming, or any other abuse will
>> :bitcoin.uk.eu.dal.net 372 Sizzard :-        cause you to be banned from this server
>> :bitcoin.uk.eu.dal.net 372 Sizzard :-    *   Abide by DALnet's AUP (www.dal.net/aup)
>> :bitcoin.uk.eu.dal.net 372 Sizzard :-    *   Please have fun and enjoy DALnet!
>> :bitcoin.uk.eu.dal.net 372 Sizzard :- 
>> :bitcoin.uk.eu.dal.net 372 Sizzard :- Server Administrator: tyler
>> :bitcoin.uk.eu.dal.net 372 Sizzard :- 
>> :bitcoin.uk.eu.dal.net 372 Sizzard :- Thank you to Private Internet Access (https://www.privateinternetaccess.com) for sponsori
>> :bitcoin.uk.eu.dal.net 372 Sizzard :- ng this server.
>> :bitcoin.uk.eu.dal.net 372 Sizzard :- 
>> :bitcoin.uk.eu.dal.net 372 Sizzard :- For IRCop assistance, please /join #operhelp or message one of our
>> :bitcoin.uk.eu.dal.net 372 Sizzard :- friendly server staff listed above.
>> :bitcoin.uk.eu.dal.net 372 Sizzard :- 
>> :bitcoin.uk.eu.dal.net 372 Sizzard :- For multilingual information:  <http://docs.dal.net/>
>> :bitcoin.uk.eu.dal.net 372 Sizzard :- 
>> :bitcoin.uk.eu.dal.net 372 Sizzard :- Thank you for using DALnet!  We hope you have a pleasant day.
>> :bitcoin.uk.eu.dal.net 376 Sizzard :End of /MOTD command.
>> :Sizzard MODE Sizzard :+iH
<< PING bitcoin.uk.eu.dal.net
>> :bitcoin.uk.eu.dal.net PONG bitcoin.uk.eu.dal.net :Sizzard
--> lag pong
<< NICK testdefou
>> :Sizzard!~facarval@2fb6-3696-214d-418b-bdb3.210.62.ip NICK :testdefou
<< PING bitcoin.uk.eu.dal.net
>> :bitcoin.uk.eu.dal.net PONG bitcoin.uk.eu.dal.net :testdefou
--> lag pong
