<< CAP LS
<< NICK test123
<< USER facarval facarval irc.dal.net :Fabio Carvalho Lopes
>> :lion.tx.us.dal.net NOTICE AUTH :*** Looking up your hostname...
>> :lion.tx.us.dal.net NOTICE AUTH :*** Checking Ident
>> :lion.tx.us.dal.net NOTICE AUTH :*** Found your hostname
>> :lion.tx.us.dal.net NOTICE AUTH :*** No Ident response
>> :lion.tx.us.dal.net 001 test123 :Welcome to the DALnet IRC Network test123!~facarval@62.210.34.43
<< MODE test123 +i
>> :lion.tx.us.dal.net 002 test123 :Your host is lion.tx.us.dal.net, running version bahamut-2.2.3
>> :lion.tx.us.dal.net 003 test123 :This server was created Tue Dec 19 2023 at 17:03:13 EST
>> :lion.tx.us.dal.net 004 test123 lion.tx.us.dal.net bahamut-2.2.3 aAbcCdefFghHiIjkKmnoOPrRsSwxXy AbceiIjklLmMnoOpPrRsStv beIjklov
>> :lion.tx.us.dal.net 005 test123 NETWORK=DALnet SAFELIST MAXBANS=200 MAXCHANNELS=50 CHANNELLEN=32 KICKLEN=307 NICKLEN=30 TOPICLEN=307 MODES=6 CHANTYPES=# CHANLIMIT=#:50 PREFIX=(ohv)@%+ STATUSMSG=@%+ :are available on this server
>> :lion.tx.us.dal.net 005 test123 CASEMAPPING=ascii WATCH=128 SILENCE=10 ELIST=cmntu EXCEPTS INVEX CHANMODES=beI,k,jl,ciPAmMnOprRsSt MAXLIST=b:200,e:100,I:100 TARGMAX=DCCALLOW:,JOIN:,KICK:4,KILL:20,NOTICE:20,PART:,PRIVMSG:20,WHOIS:,WHOWAS: :are available on this server
>> :lion.tx.us.dal.net 251 test123 :There are 62 users and 7143 invisible on 37 servers
>> :lion.tx.us.dal.net 252 test123 76 :IRC Operators online
>> :lion.tx.us.dal.net 254 test123 3647 :channels formed
>> :lion.tx.us.dal.net 255 test123 :I have 1208 clients and 1 servers
>> :lion.tx.us.dal.net 265 test123 :Current local users: 1208 Max: 1513
>> :lion.tx.us.dal.net 266 test123 :Current global users: 7205 Max: 8222
>> :lion.tx.us.dal.net NOTICE test123 :*** Notice -- motd was last changed at 21/2/2024 4:48
>> :lion.tx.us.dal.net 375 test123 :- lion.tx.us.dal.net Message of the Day - 
>> :lion.tx.us.dal.net 372 test123 :-21/2/2024 4:48
>> :lion.tx.us.dal.net 372 test123 :-      Welcome to,
>> :lion.tx.us.dal.net 372 test123 :-       _ _
>> :lion.tx.us.dal.net 372 test123 :-      | (_)            
>> :lion.tx.us.dal.net 372 test123 :-      | |_  ___  _ __  
>> :lion.tx.us.dal.net 372 test123 :-      | | |/ _ \| '_ \ 
>> :lion.tx.us.dal.net 372 test123 :-      | | | (_) | | | |
>> :lion.tx.us.dal.net 372 test123 :-      |_|_|\___/|_| |_|.tx.us.dal.net 
>> :lion.tx.us.dal.net 372 test123 :- 
>> :lion.tx.us.dal.net 372 test123 :-       * Host..............: lion.dal.net | lion-v6.dal.net
>> :lion.tx.us.dal.net 372 test123 :-       * Ports.............: 6667 - 6669, 7000 | SSL - 6697
>> :lion.tx.us.dal.net 372 test123 :- 
>> :lion.tx.us.dal.net 372 test123 :-    Welcome to DALnet, by connecting to this network you agree to 
>> :lion.tx.us.dal.net 372 test123 :-    abide by its acceptable use policy, visit : http://www.dal.net/aup
>> :lion.tx.us.dal.net 372 test123 :- 
>> :lion.tx.us.dal.net 372 test123 :-      "This server has been sponsored by Psychz Networks"
>> :lion.tx.us.dal.net 372 test123 :- 
>> :lion.tx.us.dal.net 372 test123 :-            ---===[https://www.psychz.net/]===---
>> :lion.tx.us.dal.net 372 test123 :- 
>> :lion.tx.us.dal.net 372 test123 :-    -------------------------------------------------------------------
>> :lion.tx.us.dal.net 372 test123 :-    [%] Server Policies  =-
>> :lion.tx.us.dal.net 372 test123 :- 
>> :lion.tx.us.dal.net 372 test123 :-    a. No spamming or advertising allowed, if found you will be banned 
>> :lion.tx.us.dal.net 372 test123 :-       from this server/network.
>> :lion.tx.us.dal.net 372 test123 :-    b. No malicious bots, including flood and nick/channel chasers
>> :lion.tx.us.dal.net 372 test123 :-    c. No channel filler bots/clients/psybncs
>> :lion.tx.us.dal.net 372 test123 :-       #  A channel filler is a client, bnc, or bot which is connected
>> :lion.tx.us.dal.net 372 test123 :-          just to fill a channel and make it look bigger
>> :lion.tx.us.dal.net 372 test123 :-    d. Operator impersonation will not be tolerated and cause you to be
>> :lion.tx.us.dal.net 372 test123 :-       banned from this server/network.
>> :lion.tx.us.dal.net 372 test123 :- 
>> :lion.tx.us.dal.net 372 test123 :-            "REMEMBER IRC IS A PRIVILEGE, NOT A RIGHT"
>> :lion.tx.us.dal.net 372 test123 :- 
>> :lion.tx.us.dal.net 372 test123 :-    --------------------------------------------------------------------
>> :lion.tx.us.dal.net 372 test123 :-    For IRC Operator assistance /join #Operhelp
>> :lion.tx.us.dal.net 372 test123 :- 
>> :lion.tx.us.dal.net 372 test123 :-    For DALnet and General IRC related help, goto #Help
>> :lion.tx.us.dal.net 372 test123 :- 
>> :lion.tx.us.dal.net 372 test123 :-    For multi-lingual documentation - [http://docs.dal.net]
>> :lion.tx.us.dal.net 372 test123 :- 
>> :lion.tx.us.dal.net 372 test123 :-    If you have any questions/issues related to this server,           
>> :lion.tx.us.dal.net 372 test123 :-    contact us using: lion-staff@dal.net
>> :lion.tx.us.dal.net 372 test123 :- 
>> :lion.tx.us.dal.net 372 test123 :-    Thank you, hope you enjoy your stay!
>> :lion.tx.us.dal.net 376 test123 :End of /MOTD command.
>> :test123 MODE test123 :+iH
>> :NickServ!service@dal.net NOTICE test123 :This nick is owned by someone else. Please choose another.
>> :NickServ!service@dal.net NOTICE test123 :If this is your nick, type: /msg NickServ@services.dal.net IDENTIFY <password>
>> :NickServ!service@dal.net NOTICE test123 :Your nick will be changed in 60 seconds if you do not comply.
<< PING lion.tx.us.dal.net
>> :lion.tx.us.dal.net PONG lion.tx.us.dal.net :test123
--> lag pong
<< NICK salutlesgars
>> :test123!~facarval@8a35-7033-ee7-e5d2-174.210.62.ip NICK :salutlesgars
<< JOIN #42
>> :salutlesgars!~facarval@8a35-7033-ee7-e5d2-174.210.62.ip JOIN :#42
>> :lion.tx.us.dal.net 353 salutlesgars = #42 :@salutlesgars 
>> :lion.tx.us.dal.net 366 salutlesgars #42 :End of /NAMES list.
<< MODE #42
>> :lion.tx.us.dal.net 324 salutlesgars #42 + 
--> chanquery mode
<< WHO #42
>> :lion.tx.us.dal.net 329 salutlesgars #42 1726735213
--> event 329
>> :lion.tx.us.dal.net 352 salutlesgars #42 ~facarval 8a35-7033-ee7-e5d2-174.210.62.ip lion.tx.us.dal.net salutlesgars H@ :0 Fabio Carvalho Lopes
--> silent event who
>> :lion.tx.us.dal.net 315 salutlesgars #42 :End of /WHO list.
--> chanquery who end
<< MODE #42 b
>> :lion.tx.us.dal.net 368 salutlesgars #42 :End of Channel Ban List
--> chanquery ban end
>> :salutlesgars2!~facarval@8a35-7033-ee7-e5d2-174.210.62.ip JOIN :#42
<< PRIVMSG #42 :bonjour les amis
>> :salutlesgars2!~facarval@8a35-7033-ee7-e5d2-174.210.62.ip PRIVMSG #42 :c'est moi
<< PING lion.tx.us.dal.net
>> :lion.tx.us.dal.net PONG lion.tx.us.dal.net :salutlesgars
--> lag pong
