<< CAP LS
<< NICK bonjour
<< USER facarval facarval irc.dal.net :Fabio Carvalho Lopes
>> :lion.tx.us.dal.net NOTICE AUTH :*** Looking up your hostname...
>> :lion.tx.us.dal.net NOTICE AUTH :*** Checking Ident
>> :lion.tx.us.dal.net NOTICE AUTH :*** Found your hostname
>> :lion.tx.us.dal.net NOTICE AUTH :*** No Ident response
>> :lion.tx.us.dal.net 001 bonjour :Welcome to the DALnet IRC Network bonjour!~facarval@62.210.34.43
<< MODE bonjour +i
>> :lion.tx.us.dal.net 002 bonjour :Your host is lion.tx.us.dal.net, running version bahamut-2.2.3
>> :lion.tx.us.dal.net 003 bonjour :This server was created Tue Dec 19 2023 at 17:03:13 EST
>> :lion.tx.us.dal.net 004 bonjour lion.tx.us.dal.net bahamut-2.2.3 aAbcCdefFghHiIjkKmnoOPrRsSwxXy AbceiIjklLmMnoOpPrRsStv beIjklov
>> :lion.tx.us.dal.net 005 bonjour NETWORK=DALnet SAFELIST MAXBANS=200 MAXCHANNELS=50 CHANNELLEN=32 KICKLEN=307 NICKLEN=30 TOPICLEN=307 MODES=6 CHANTYPES=# CHANLIMIT=#:50 PREFIX=(ohv)@%+ STATUSMSG=@%+ :are available on this server
>> :lion.tx.us.dal.net 005 bonjour CASEMAPPING=ascii WATCH=128 SILENCE=10 ELIST=cmntu EXCEPTS INVEX CHANMODES=beI,k,jl,ciPAmMnOprRsSt MAXLIST=b:200,e:100,I:100 TARGMAX=DCCALLOW:,JOIN:,KICK:4,KILL:20,NOTICE:20,PART:,PRIVMSG:20,WHOIS:,WHOWAS: :are available on this server
>> :lion.tx.us.dal.net 251 bonjour :There are 62 users and 7141 invisible on 37 servers
>> :lion.tx.us.dal.net 252 bonjour 76 :IRC Operators online
>> :lion.tx.us.dal.net 254 bonjour 3647 :channels formed
>> :lion.tx.us.dal.net 255 bonjour :I have 1209 clients and 1 servers
>> :lion.tx.us.dal.net 265 bonjour :Current local users: 1209 Max: 1513
>> :lion.tx.us.dal.net 266 bonjour :Current global users: 7203 Max: 8222
>> :lion.tx.us.dal.net NOTICE bonjour :*** Notice -- motd was last changed at 21/2/2024 4:48
>> :lion.tx.us.dal.net 375 bonjour :- lion.tx.us.dal.net Message of the Day - 
>> :lion.tx.us.dal.net 372 bonjour :-21/2/2024 4:48
>> :lion.tx.us.dal.net 372 bonjour :-      Welcome to,
>> :lion.tx.us.dal.net 372 bonjour :-       _ _
>> :lion.tx.us.dal.net 372 bonjour :-      | (_)            
>> :lion.tx.us.dal.net 372 bonjour :-      | |_  ___  _ __  
>> :lion.tx.us.dal.net 372 bonjour :-      | | |/ _ \| '_ \ 
>> :lion.tx.us.dal.net 372 bonjour :-      | | | (_) | | | |
>> :lion.tx.us.dal.net 372 bonjour :-      |_|_|\___/|_| |_|.tx.us.dal.net 
>> :lion.tx.us.dal.net 372 bonjour :- 
>> :lion.tx.us.dal.net 372 bonjour :-       * Host..............: lion.dal.net | lion-v6.dal.net
>> :lion.tx.us.dal.net 372 bonjour :-       * Ports.............: 6667 - 6669, 7000 | SSL - 6697
>> :lion.tx.us.dal.net 372 bonjour :- 
>> :lion.tx.us.dal.net 372 bonjour :-    Welcome to DALnet, by connecting to this network you agree to 
>> :lion.tx.us.dal.net 372 bonjour :-    abide by its acceptable use policy, visit : http://www.dal.net/aup
>> :lion.tx.us.dal.net 372 bonjour :- 
>> :lion.tx.us.dal.net 372 bonjour :-      "This server has been sponsored by Psychz Networks"
>> :lion.tx.us.dal.net 372 bonjour :- 
>> :lion.tx.us.dal.net 372 bonjour :-            ---===[https://www.psychz.net/]===---
>> :lion.tx.us.dal.net 372 bonjour :- 
>> :lion.tx.us.dal.net 372 bonjour :-    -------------------------------------------------------------------
>> :lion.tx.us.dal.net 372 bonjour :-    [%] Server Policies  =-
>> :lion.tx.us.dal.net 372 bonjour :- 
>> :lion.tx.us.dal.net 372 bonjour :-    a. No spamming or advertising allowed, if found you will be banned 
>> :lion.tx.us.dal.net 372 bonjour :-       from this server/network.
>> :lion.tx.us.dal.net 372 bonjour :-    b. No malicious bots, including flood and nick/channel chasers
>> :lion.tx.us.dal.net 372 bonjour :-    c. No channel filler bots/clients/psybncs
>> :lion.tx.us.dal.net 372 bonjour :-       #  A channel filler is a client, bnc, or bot which is connected
>> :lion.tx.us.dal.net 372 bonjour :-          just to fill a channel and make it look bigger
>> :lion.tx.us.dal.net 372 bonjour :-    d. Operator impersonation will not be tolerated and cause you to be
>> :lion.tx.us.dal.net 372 bonjour :-       banned from this server/network.
>> :lion.tx.us.dal.net 372 bonjour :- 
>> :lion.tx.us.dal.net 372 bonjour :-            "REMEMBER IRC IS A PRIVILEGE, NOT A RIGHT"
>> :lion.tx.us.dal.net 372 bonjour :- 
>> :lion.tx.us.dal.net 372 bonjour :-    --------------------------------------------------------------------
>> :lion.tx.us.dal.net 372 bonjour :-    For IRC Operator assistance /join #Operhelp
>> :lion.tx.us.dal.net 372 bonjour :- 
>> :lion.tx.us.dal.net 372 bonjour :-    For DALnet and General IRC related help, goto #Help
>> :lion.tx.us.dal.net 372 bonjour :- 
>> :lion.tx.us.dal.net 372 bonjour :-    For multi-lingual documentation - [http://docs.dal.net]
>> :lion.tx.us.dal.net 372 bonjour :- 
>> :lion.tx.us.dal.net 372 bonjour :-    If you have any questions/issues related to this server,           
>> :lion.tx.us.dal.net 372 bonjour :-    contact us using: lion-staff@dal.net
>> :lion.tx.us.dal.net 372 bonjour :- 
>> :lion.tx.us.dal.net 372 bonjour :-    Thank you, hope you enjoy your stay!
>> :lion.tx.us.dal.net 376 bonjour :End of /MOTD command.
>> :bonjour MODE bonjour :+iH
>> :NickServ!service@dal.net NOTICE bonjour :This nick is owned by someone else. Please choose another.
>> :NickServ!service@dal.net NOTICE bonjour :If this is your nick, type: /msg NickServ@services.dal.net IDENTIFY <password>
>> :NickServ!service@dal.net NOTICE bonjour :Your nick will be changed in 60 seconds if you do not comply.
<< PING lion.tx.us.dal.net
>> :lion.tx.us.dal.net PONG lion.tx.us.dal.net :bonjour
--> lag pong
<< NICK salutlesgars2
>> :bonjour!~facarval@8a35-7033-ee7-e5d2-174.210.62.ip NICK :salutlesgars2
<< JOIN #42
>> :salutlesgars2!~facarval@8a35-7033-ee7-e5d2-174.210.62.ip JOIN :#42
>> :lion.tx.us.dal.net 353 salutlesgars2 = #42 :salutlesgars2 @salutlesgars 
>> :lion.tx.us.dal.net 366 salutlesgars2 #42 :End of /NAMES list.
<< MODE #42
>> :lion.tx.us.dal.net 324 salutlesgars2 #42 + 
--> chanquery mode
<< WHO #42
>> :lion.tx.us.dal.net 329 salutlesgars2 #42 1726735213
--> event 329
>> :lion.tx.us.dal.net 352 salutlesgars2 #42 ~facarval 8a35-7033-ee7-e5d2-174.210.62.ip lion.tx.us.dal.net salutlesgars2 H :0 Fabio Carvalho Lopes
--> silent event who
>> :lion.tx.us.dal.net 352 salutlesgars2 #42 ~facarval 8a35-7033-ee7-e5d2-174.210.62.ip lion.tx.us.dal.net salutlesgars H@ :0 Fabio Carvalho Lopes
--> silent event who
>> :lion.tx.us.dal.net 315 salutlesgars2 #42 :End of /WHO list.
--> chanquery who end
<< MODE #42 b
>> :lion.tx.us.dal.net 368 salutlesgars2 #42 :End of Channel Ban List
--> chanquery ban end
>> :salutlesgars!~facarval@8a35-7033-ee7-e5d2-174.210.62.ip PRIVMSG #42 :bonjour les amis
<< PRIVMSG #42 :c'est moi
<< PING lion.tx.us.dal.net
>> :lion.tx.us.dal.net PONG lion.tx.us.dal.net :salutlesgars2
--> lag pong
