<< CAP LS
<< NICK bonjour
<< USER facarval facarval irc.dal.net :fpoira
>> :bitcoin.uk.eu.dal.net NOTICE AUTH :*** Looking up your hostname...
>> :bitcoin.uk.eu.dal.net NOTICE AUTH :*** Found your hostname
>> :bitcoin.uk.eu.dal.net 001 bonjour :Welcome to the DALnet IRC Network bonjour!~facarval@62.210.34.68
<< MODE bonjour +i
>> :bitcoin.uk.eu.dal.net 002 bonjour :Your host is bitcoin.uk.eu.dal.net, running version bahamut-2.2.2
>> :bitcoin.uk.eu.dal.net 003 bonjour :This server was created Sat 8 Oct 2022 at 14:41:03 BST
>> :bitcoin.uk.eu.dal.net 004 bonjour bitcoin.uk.eu.dal.net bahamut-2.2.2 aAbcCdefFghHiIjkKmnoOPrRsSwxXy AbceiIjklLmMnoOpPrRsStv beIjklov
>> :bitcoin.uk.eu.dal.net 005 bonjour NETWORK=DALnet SAFELIST MAXBANS=200 MAXCHANNELS=50 CHANNELLEN=32 KICKLEN=307 NICKLEN=30 TOPICLEN=307 MODES=6 CHANTYPES=# CHANLIMIT=#:50 PREFIX=(ohv)@%+ STATUSMSG=@%+ :are available on this server
>> :bitcoin.uk.eu.dal.net 005 bonjour CASEMAPPING=ascii WATCH=128 SILENCE=10 ELIST=cmntu EXCEPTS INVEX CHANMODES=beI,k,jl,ciPAmMnOprRsSt MAXLIST=b:200,e:100,I:100 TARGMAX=DCCALLOW:,JOIN:,KICK:4,KILL:20,NOTICE:20,PART:,PRIVMSG:20,WHOIS:,WHOWAS: :are available on this server
>> :bitcoin.uk.eu.dal.net 251 bonjour :There are 64 users and 7006 invisible on 37 servers
>> :bitcoin.uk.eu.dal.net 252 bonjour 77 :IRC Operators online
>> :bitcoin.uk.eu.dal.net 254 bonjour 3633 :channels formed
>> :bitcoin.uk.eu.dal.net 255 bonjour :I have 295 clients and 1 servers
>> :bitcoin.uk.eu.dal.net 265 bonjour :Current local users: 295 Max: 4001
>> :bitcoin.uk.eu.dal.net 266 bonjour :Current global users: 7070 Max: 12809
>> :bitcoin.uk.eu.dal.net NOTICE bonjour :*** Notice -- motd was last changed at 9/11/2017 12:51
>> :bitcoin.uk.eu.dal.net 375 bonjour :- bitcoin.uk.eu.dal.net Message of the Day - 
>> :bitcoin.uk.eu.dal.net 372 bonjour :-9/11/2017 12:51
>> :bitcoin.uk.eu.dal.net 372 bonjour :-                 [ bitcoin.uk.eu.dal.net    ]
>> :bitcoin.uk.eu.dal.net 372 bonjour :- 
>> :bitcoin.uk.eu.dal.net 372 bonjour :-                 [ Accessible via...        ]
>> :bitcoin.uk.eu.dal.net 372 bonjour :-                 [ ipv4: bitcoin.dal.net    ]
>> :bitcoin.uk.eu.dal.net 372 bonjour :- 
>> :bitcoin.uk.eu.dal.net 372 bonjour :- Thank you to Private Internet Access (https://www.privateinternetaccess.com) 
>> :bitcoin.uk.eu.dal.net 372 bonjour :- for sponsoring this server.
>> :bitcoin.uk.eu.dal.net 372 bonjour :- 
>> :bitcoin.uk.eu.dal.net 372 bonjour :- Welcome to DALnet!  By connecting to this network, you agree to abide
>> :bitcoin.uk.eu.dal.net 372 bonjour :- by its acceptable use policy, available here: http://www.dal.net/aup
>> :bitcoin.uk.eu.dal.net 372 bonjour :- 
>> :bitcoin.uk.eu.dal.net 372 bonjour :- Server Policies:
>> :bitcoin.uk.eu.dal.net 372 bonjour :- 
>> :bitcoin.uk.eu.dal.net 372 bonjour :-    *   We reserve the right to deny access to this server without
>> :bitcoin.uk.eu.dal.net 372 bonjour :-        warning or explanation
>> :bitcoin.uk.eu.dal.net 372 bonjour :-    *   No malicious bots, including flood and nick/channel chasers
>> :bitcoin.uk.eu.dal.net 372 bonjour :-    *   No channel filler bots/clients/psybncs
>> :bitcoin.uk.eu.dal.net 372 bonjour :-          - A channel filler is a client, bnc, or bot which is
>> :bitcoin.uk.eu.dal.net 372 bonjour :-            connected just to fill a channel and make it look
>> :bitcoin.uk.eu.dal.net 372 bonjour :-            bigger
>> :bitcoin.uk.eu.dal.net 372 bonjour :-    *   Operator impersonation, spamming, or any other abuse will
>> :bitcoin.uk.eu.dal.net 372 bonjour :-        cause you to be banned from this server
>> :bitcoin.uk.eu.dal.net 372 bonjour :-    *   Abide by DALnet's AUP (www.dal.net/aup)
>> :bitcoin.uk.eu.dal.net 372 bonjour :-    *   Please have fun and enjoy DALnet!
>> :bitcoin.uk.eu.dal.net 372 bonjour :- 
>> :bitcoin.uk.eu.dal.net 372 bonjour :- Server Administrator: tyler
>> :bitcoin.uk.eu.dal.net 372 bonjour :- 
>> :bitcoin.uk.eu.dal.net 372 bonjour :- Thank you to Private Internet Access (https://www.privateinternetaccess.com) for sponsori
>> :bitcoin.uk.eu.dal.net 372 bonjour :- ng this server.
>> :bitcoin.uk.eu.dal.net 372 bonjour :- 
>> :bitcoin.uk.eu.dal.net 372 bonjour :- For IRCop assistance, please /join #operhelp or message one of our
>> :bitcoin.uk.eu.dal.net 372 bonjour :- friendly server staff listed above.
>> :bitcoin.uk.eu.dal.net 372 bonjour :- 
>> :bitcoin.uk.eu.dal.net 372 bonjour :- For multilingual information:  <http://docs.dal.net/>
>> :bitcoin.uk.eu.dal.net 372 bonjour :- 
>> :bitcoin.uk.eu.dal.net 372 bonjour :- Thank you for using DALnet!  We hope you have a pleasant day.
>> :bitcoin.uk.eu.dal.net 376 bonjour :End of /MOTD command.
>> :bonjour MODE bonjour :+iH
>> :NickServ!service@dal.net NOTICE bonjour :This nick is owned by someone else. Please choose another.
>> :NickServ!service@dal.net NOTICE bonjour :If this is your nick, type: /msg NickServ@services.dal.net IDENTIFY <password>
>> :NickServ!service@dal.net NOTICE bonjour :Your nick will be changed in 60 seconds if you do not comply.
<< PING bitcoin.uk.eu.dal.net
>> :bitcoin.uk.eu.dal.net PONG bitcoin.uk.eu.dal.net :bonjour
--> lag pong
<< NICK salutlesgars
>> :bonjour!~facarval@da1b-4f6c-be9-f691-be3.210.62.ip NICK :salutlesgars
<< JOIN #salut,#bonjour,#42
>> :salutlesgars!~facarval@da1b-4f6c-be9-f691-be3.210.62.ip JOIN :#salut
>> :bitcoin.uk.eu.dal.net 353 salutlesgars = #salut :@salutlesgars 
>> :bitcoin.uk.eu.dal.net 366 salutlesgars #salut :End of /NAMES list.
<< MODE #salut
>> :salutlesgars!~facarval@da1b-4f6c-be9-f691-be3.210.62.ip JOIN :#bonjour
>> :bitcoin.uk.eu.dal.net 353 salutlesgars = #bonjour :@salutlesgars 
>> :bitcoin.uk.eu.dal.net 366 salutlesgars #bonjour :End of /NAMES list.
>> :salutlesgars!~facarval@da1b-4f6c-be9-f691-be3.210.62.ip JOIN :#42
>> :bitcoin.uk.eu.dal.net 353 salutlesgars = #42 :@salutlesgars 
>> :bitcoin.uk.eu.dal.net 366 salutlesgars #42 :End of /NAMES list.
>> :bitcoin.uk.eu.dal.net 324 salutlesgars #salut + 
--> chanquery mode
<< MODE #bonjour
>> :bitcoin.uk.eu.dal.net 329 salutlesgars #salut 1726821504
--> event 329
>> :bitcoin.uk.eu.dal.net 324 salutlesgars #bonjour + 
--> chanquery mode
<< MODE #42
>> :bitcoin.uk.eu.dal.net 329 salutlesgars #bonjour 1726821504
--> event 329
>> :bitcoin.uk.eu.dal.net 324 salutlesgars #42 + 
--> chanquery mode
<< WHO #salut
>> :bitcoin.uk.eu.dal.net 329 salutlesgars #42 1726821504
--> event 329
>> :bitcoin.uk.eu.dal.net 352 salutlesgars #salut ~facarval da1b-4f6c-be9-f691-be3.210.62.ip bitcoin.uk.eu.dal.net salutlesgars H@ :0 fpoira
--> silent event who
>> :bitcoin.uk.eu.dal.net 315 salutlesgars #salut :End of /WHO list.
--> chanquery who end
<< WHO #bonjour
>> :bitcoin.uk.eu.dal.net 352 salutlesgars #bonjour ~facarval da1b-4f6c-be9-f691-be3.210.62.ip bitcoin.uk.eu.dal.net salutlesgars H@ :0 fpoira
--> silent event who
>> :bitcoin.uk.eu.dal.net 315 salutlesgars #bonjour :End of /WHO list.
--> chanquery who end
<< WHO #42
>> :bitcoin.uk.eu.dal.net 352 salutlesgars #42 ~facarval da1b-4f6c-be9-f691-be3.210.62.ip bitcoin.uk.eu.dal.net salutlesgars H@ :0 fpoira
--> silent event who
>> :bitcoin.uk.eu.dal.net 315 salutlesgars #42 :End of /WHO list.
--> chanquery who end
<< MODE #salut b
>> :bitcoin.uk.eu.dal.net 368 salutlesgars #salut :End of Channel Ban List
--> chanquery ban end
<< MODE #bonjour b
>> :bitcoin.uk.eu.dal.net 368 salutlesgars #bonjour :End of Channel Ban List
--> chanquery ban end
<< MODE #42 b
>> :bitcoin.uk.eu.dal.net 368 salutlesgars #42 :End of Channel Ban List
--> chanquery ban end
