<< CAP LS
<< NICK Sizzard
<< USER facarval facarval irc.dal.net :Fabio Carvalho Lopes
>> :atw.hu.eu.dal.net NOTICE AUTH :*** Looking up your hostname...
>> :atw.hu.eu.dal.net NOTICE AUTH :*** Checking Ident
>> :atw.hu.eu.dal.net NOTICE AUTH :*** Found your hostname
>> :atw.hu.eu.dal.net NOTICE AUTH :*** No Ident response
>> :atw.hu.eu.dal.net 001 Sizzard :Welcome to the DALnet IRC Network Sizzard!~facarval@62.210.34.179
<< MODE Sizzard +i
>> :atw.hu.eu.dal.net 002 Sizzard :Your host is atw.hu.eu.dal.net, running version bahamut-2.2.3
>> :atw.hu.eu.dal.net 003 Sizzard :This server was created Tue Dec 12 2023 at 01:47:04 AM CET
>> :atw.hu.eu.dal.net 004 Sizzard atw.hu.eu.dal.net bahamut-2.2.3 aAbcCdefFghHiIjkKmnoOPrRsSwxXy AbceiIjklLmMnoOpPrRsStv beIjklov
>> :atw.hu.eu.dal.net 005 Sizzard NETWORK=DALnet SAFELIST MAXBANS=200 MAXCHANNELS=50 CHANNELLEN=32 KICKLEN=307 NICKLEN=30 TOPICLEN=307 MODES=6 CHANTYPES=# CHANLIMIT=#:50 PREFIX=(ohv)@%+ STATUSMSG=@%+ :are available on this server
>> :atw.hu.eu.dal.net 005 Sizzard CASEMAPPING=ascii WATCH=128 SILENCE=10 ELIST=cmntu EXCEPTS INVEX CHANMODES=beI,k,jl,ciPAmMnOprRsSt MAXLIST=b:200,e:100,I:100 TARGMAX=DCCALLOW:,JOIN:,KICK:4,KILL:20,NOTICE:20,PART:,PRIVMSG:20,WHOIS:,WHOWAS: :are available on this server
>> :atw.hu.eu.dal.net 251 Sizzard :There are 63 users and 7192 invisible on 36 servers
>> :atw.hu.eu.dal.net 252 Sizzard 78 :IRC Operators online
>> :atw.hu.eu.dal.net 254 Sizzard 3626 :channels formed
>> :atw.hu.eu.dal.net 255 Sizzard :I have 1479 clients and 1 servers
>> :atw.hu.eu.dal.net 265 Sizzard :Current local users: 1479 Max: 2113
>> :atw.hu.eu.dal.net 266 Sizzard :Current global users: 7255 Max: 12060
>> :atw.hu.eu.dal.net NOTICE Sizzard :*** Notice -- motd was last changed at 20/1/2021 6:02
>> :atw.hu.eu.dal.net 375 Sizzard :- atw.hu.eu.dal.net Message of the Day - 
>> :atw.hu.eu.dal.net 372 Sizzard :-20/1/2021 6:02
>> :atw.hu.eu.dal.net 372 Sizzard :- Welcome to DALnet!  By connecting to this network, you agree to abide
>> :atw.hu.eu.dal.net 372 Sizzard :- by its acceptable use policy, available here: http://www.dal.net/aup
>> :atw.hu.eu.dal.net 372 Sizzard :- 
>> :atw.hu.eu.dal.net 372 Sizzard :- Server Policies:
>> :atw.hu.eu.dal.net 372 Sizzard :- 
>> :atw.hu.eu.dal.net 372 Sizzard :-    *   We reserve the right to deny access to this server without
>> :atw.hu.eu.dal.net 372 Sizzard :-        warning or explanation
>> :atw.hu.eu.dal.net 372 Sizzard :-    *   No malicious bots, including flood and nick/channel chasers
>> :atw.hu.eu.dal.net 372 Sizzard :-    *   No channel filler bots/clients/psybncs
>> :atw.hu.eu.dal.net 372 Sizzard :-          - A channel filler is a client, bnc, or bot which is
>> :atw.hu.eu.dal.net 372 Sizzard :-            connected just to fill a channel and make it look
>> :atw.hu.eu.dal.net 372 Sizzard :-            bigger
>> :atw.hu.eu.dal.net 372 Sizzard :-    *   Operator impersonation, spamming, or any other abuse will
>> :atw.hu.eu.dal.net 372 Sizzard :-        cause you to be banned from this server
>> :atw.hu.eu.dal.net 372 Sizzard :-    *   Abide by DALnet's AUP (www.dal.net/aup)
>> :atw.hu.eu.dal.net 372 Sizzard :-    *   Please have fun and enjoy DALnet!
>> :atw.hu.eu.dal.net 372 Sizzard :- 
>> :atw.hu.eu.dal.net 372 Sizzard :-      ///admins////////////////////////////////////////
>> :atw.hu.eu.dal.net 372 Sizzard :-      //                                             //
>> :atw.hu.eu.dal.net 372 Sizzard :-      //  [ Hidden  - administrator             ]    //
>> :atw.hu.eu.dal.net 372 Sizzard :-      //                                             // 
>> :atw.hu.eu.dal.net 372 Sizzard :-      //  [ koszik  - assistant administrator   ]    //
>> :atw.hu.eu.dal.net 372 Sizzard :-      //                                             //
>> :atw.hu.eu.dal.net 372 Sizzard :-      ///operators/////////////////////////////////////
>> :atw.hu.eu.dal.net 372 Sizzard :-      //                                             //
>> :atw.hu.eu.dal.net 372 Sizzard :-      //                                             //
>> :atw.hu.eu.dal.net 372 Sizzard :-      //                                             //
>> :atw.hu.eu.dal.net 372 Sizzard :-      /////////////////////////////////////////////////
>> :atw.hu.eu.dal.net 372 Sizzard :- 
>> :atw.hu.eu.dal.net 372 Sizzard :- 
>> :atw.hu.eu.dal.net 372 Sizzard :- For IRCop assistance, please /join #operhelp or message one of our
>> :atw.hu.eu.dal.net 372 Sizzard :- friendly server staff listed above.
>> :atw.hu.eu.dal.net 372 Sizzard :- 
>> :atw.hu.eu.dal.net 372 Sizzard :- For multilingual information:  <http://docs.dal.net/>
>> :atw.hu.eu.dal.net 372 Sizzard :- 
>> :atw.hu.eu.dal.net 372 Sizzard :- Thank you for using DALnet!  We hope you have a pleasant day.
>> :atw.hu.eu.dal.net 372 Sizzard :- 
>> :atw.hu.eu.dal.net 376 Sizzard :End of /MOTD command.
>> :Sizzard MODE Sizzard :+iH
<< PING atw.hu.eu.dal.net
>> :atw.hu.eu.dal.net PONG atw.hu.eu.dal.net :Sizzard
--> lag pong
<< JOIN #42
>> :Sizzard!~facarval@913e-6d21-e6d-5750-e960.210.62.ip JOIN :#42
>> :atw.hu.eu.dal.net 353 Sizzard = #42 :@Sizzard 
>> :atw.hu.eu.dal.net 366 Sizzard #42 :End of /NAMES list.
<< MODE #42
>> :atw.hu.eu.dal.net 324 Sizzard #42 + 
--> chanquery mode
<< WHO #42
>> :atw.hu.eu.dal.net 329 Sizzard #42 1726131252
--> event 329
>> :atw.hu.eu.dal.net 352 Sizzard #42 ~facarval 913e-6d21-e6d-5750-e960.210.62.ip atw.hu.eu.dal.net Sizzard H@ :0 Fabio Carvalho Lopes
--> silent event who
>> :atw.hu.eu.dal.net 315 Sizzard #42 :End of /WHO list.
--> chanquery who end
<< MODE #42 b
>> :atw.hu.eu.dal.net 368 Sizzard #42 :End of Channel Ban List
--> chanquery ban end
