<< CAP LS
<< NICK iAmNumber1
<< USER facarval facarval irc.dal.net :flugubra
>> :punch.wa.us.dal.net NOTICE AUTH :*** Looking up your hostname...
>> :punch.wa.us.dal.net NOTICE AUTH :*** Found your hostname
>> :punch.wa.us.dal.net 001 iAmNumber1 :Welcome to the DALnet IRC Network iAmNumber1!~facarval@62.210.34.68
<< MODE iAmNumber1 +i
>> :punch.wa.us.dal.net 002 iAmNumber1 :Your host is punch.wa.us.dal.net, running version bahamut-2.2.3
>> :punch.wa.us.dal.net 003 iAmNumber1 :This server was created Mon Dec 11 2023 at 20:33:25 UTC
>> :punch.wa.us.dal.net 004 iAmNumber1 punch.wa.us.dal.net bahamut-2.2.3 aAbcCdefFghHiIjkKmnoOPrRsSwxXy AbceiIjklLmMnoOpPrRsStv beIjklov
>> :punch.wa.us.dal.net 005 iAmNumber1 NETWORK=DALnet SAFELIST MAXBANS=200 MAXCHANNELS=50 CHANNELLEN=32 KICKLEN=307 NICKLEN=30 TOPICLEN=307 MODES=6 CHANTYPES=# CHANLIMIT=#:50 PREFIX=(ohv)@%+ STATUSMSG=@%+ :are available on this server
>> :punch.wa.us.dal.net 005 iAmNumber1 CASEMAPPING=ascii WATCH=128 SILENCE=10 ELIST=cmntu EXCEPTS INVEX CHANMODES=beI,k,jl,ciPAmMnOprRsSt MAXLIST=b:200,e:100,I:100 TARGMAX=DCCALLOW:,JOIN:,KICK:4,KILL:20,NOTICE:20,PART:,PRIVMSG:20,WHOIS:,WHOWAS: :are available on this server
>> :punch.wa.us.dal.net 251 iAmNumber1 :There are 65 users and 7018 invisible on 37 servers
>> :punch.wa.us.dal.net 252 iAmNumber1 80 :IRC Operators online
>> :punch.wa.us.dal.net 254 iAmNumber1 3624 :channels formed
>> :punch.wa.us.dal.net 255 iAmNumber1 :I have 195 clients and 1 servers
>> :punch.wa.us.dal.net 265 iAmNumber1 :Current local users: 195 Max: 2105
>> :punch.wa.us.dal.net 266 iAmNumber1 :Current global users: 7083 Max: 12060
>> :punch.wa.us.dal.net NOTICE iAmNumber1 :*** Notice -- motd was last changed at 14/8/2020 11:15
>> :punch.wa.us.dal.net NOTICE iAmNumber1 :*** Notice -- Please read the motd if you haven't read it
>> :punch.wa.us.dal.net 375 iAmNumber1 :- punch.wa.us.dal.net Message of the Day - 
>> :punch.wa.us.dal.net 372 iAmNumber1 :- 
>> :punch.wa.us.dal.net 372 iAmNumber1 :- Welcome to DALnet!  This is punch.wa.us.dal.net, and YOU are
>> :punch.wa.us.dal.net 372 iAmNumber1 :- the reason punch.* is here!
>> :punch.wa.us.dal.net 372 iAmNumber1 :- 
>> :punch.wa.us.dal.net 372 iAmNumber1 :-                     SERVER RULES:                   
>> :punch.wa.us.dal.net 372 iAmNumber1 :-                                                      
>> :punch.wa.us.dal.net 372 iAmNumber1 :-       IMPERSONATION, CLONING, SPAMMING, FLOODING,    
>> :punch.wa.us.dal.net 372 iAmNumber1 :-             OR ANY OTHER KIND OF ABUSE CAN             
>> :punch.wa.us.dal.net 372 iAmNumber1 :-        AND WILL CAUSE YOU TO BE BANNED FROM THIS      
>> :punch.wa.us.dal.net 372 iAmNumber1 :-                SERVER AT ANY GIVEN TIME               
>> :punch.wa.us.dal.net 372 iAmNumber1 :- 
>> :punch.wa.us.dal.net 372 iAmNumber1 :- We reserve the right to deny access to this server without
>> :punch.wa.us.dal.net 372 iAmNumber1 :- warning or explanation.  Usage is governed by the DALnet
>> :punch.wa.us.dal.net 372 iAmNumber1 :- AUP at <http://www.dal.net/aup/>.
>> :punch.wa.us.dal.net 372 iAmNumber1 :- 
>> :punch.wa.us.dal.net 372 iAmNumber1 :-   * For help:                      /join #help              *
>> :punch.wa.us.dal.net 372 iAmNumber1 :-   * For IRCop/CSop assistance:     /join #OperHelp          *
>> :punch.wa.us.dal.net 372 iAmNumber1 :-   * For multilingual information:  <http://docs.dal.net/>   *
>> :punch.wa.us.dal.net 372 iAmNumber1 :-   * For server related problems:   punch-staff@dal.net      *
>> :punch.wa.us.dal.net 372 iAmNumber1 :- 
>> :punch.wa.us.dal.net 372 iAmNumber1 :- For assistance with trojan or virus removal please /join #NoHack
>> :punch.wa.us.dal.net 372 iAmNumber1 :- 
>> :punch.wa.us.dal.net 372 iAmNumber1 :- This server does not check for ident, and does not support ident.
>> :punch.wa.us.dal.net 372 iAmNumber1 :- To help prevent abuse, this server will check your PC for open proxy
>> :punch.wa.us.dal.net 372 iAmNumber1 :- servers when you connect. If you do not want this test performed,
>> :punch.wa.us.dal.net 372 iAmNumber1 :- do not connect.
>> :punch.wa.us.dal.net 372 iAmNumber1 :- 
>> :punch.wa.us.dal.net 372 iAmNumber1 :- Please feel free to visit the only official punch.* server channel,
>> :punch.wa.us.dal.net 372 iAmNumber1 :- #punch.
>> :punch.wa.us.dal.net 372 iAmNumber1 :- 
>> :punch.wa.us.dal.net 372 iAmNumber1 :- Are you using SSL?  If not, why not?  Point your IRC client to
>> :punch.wa.us.dal.net 372 iAmNumber1 :- TCP 6697 on punch.dal.net for encrypted chatting!
>> :punch.wa.us.dal.net 372 iAmNumber1 :- 
>> :punch.wa.us.dal.net 372 iAmNumber1 :- More useful:
>> :punch.wa.us.dal.net 372 iAmNumber1 :- 
>> :punch.wa.us.dal.net 372 iAmNumber1 :- Some children saw Nasreddin coming from the vineyard with two
>> :punch.wa.us.dal.net 372 iAmNumber1 :- baskets full of grapes loaded on his donkey. They gathered around
>> :punch.wa.us.dal.net 372 iAmNumber1 :- him and asked him to give them a taste.  Nasreddin picked up a
>> :punch.wa.us.dal.net 372 iAmNumber1 :- bunch of grapes and gave each child a grape.  "You have so much,
>> :punch.wa.us.dal.net 372 iAmNumber1 :- but you gave us so little," the children whined.  "There is no
>> :punch.wa.us.dal.net 372 iAmNumber1 :- difference whether you have a basketful or a small piece. They
>> :punch.wa.us.dal.net 372 iAmNumber1 :- all taste the same," Nasreddin answered, and continued on his way.
>> :punch.wa.us.dal.net 372 iAmNumber1 :- 
>> :punch.wa.us.dal.net 372 iAmNumber1 :- Your hosts are:
>> :punch.wa.us.dal.net 372 iAmNumber1 :- 
>> :punch.wa.us.dal.net 372 iAmNumber1 :-    robt@DAL.net     - Administrator
>> :punch.wa.us.dal.net 372 iAmNumber1 :-    visigoth@DAL.net - IRC Operator, Services Administrator
>> :punch.wa.us.dal.net 372 iAmNumber1 :-    key@DAL.net      - IRC Operator
>> :punch.wa.us.dal.net 372 iAmNumber1 :- 
>> :punch.wa.us.dal.net 372 iAmNumber1 :- Please enjoy your stay and thank you for being part of DALnet!
>> :punch.wa.us.dal.net 372 iAmNumber1 :- 
>> :punch.wa.us.dal.net 376 iAmNumber1 :End of /MOTD command.
>> :punch.wa.us.dal.net NOTICE iAmNumber1 :*** Notice -- This server runs an open proxy monitor to prevent abuse.
>> :punch.wa.us.dal.net NOTICE iAmNumber1 :*** Notice -- If you see connections on various ports from irc.dal.net
>> :punch.wa.us.dal.net NOTICE iAmNumber1 :*** Notice -- please disregard them, as they are the monitor in action.
>> :punch.wa.us.dal.net NOTICE iAmNumber1 :*** Notice -- For more information please visit http://kline.dal.net/proxy/
>> :iAmNumber1 MODE iAmNumber1 :+iH
<< PING punch.wa.us.dal.net
>> :punch.wa.us.dal.net PONG punch.wa.us.dal.net :iAmNumber1
--> lag pong
<< JOIN #42,#43,#44
>> :iAmNumber1!~facarval@da1b-4f6c-be9-f691-be3.210.62.ip JOIN :#42
>> :punch.wa.us.dal.net 353 iAmNumber1 = #42 :@iAmNumber1 
>> :punch.wa.us.dal.net 366 iAmNumber1 #42 :End of /NAMES list.
<< MODE #42
>> :iAmNumber1!~facarval@da1b-4f6c-be9-f691-be3.210.62.ip JOIN :#43
>> :punch.wa.us.dal.net 353 iAmNumber1 = #43 :@iAmNumber1 
>> :punch.wa.us.dal.net 366 iAmNumber1 #43 :End of /NAMES list.
>> :iAmNumber1!~facarval@da1b-4f6c-be9-f691-be3.210.62.ip JOIN :#44
>> :punch.wa.us.dal.net 353 iAmNumber1 = #44 :@iAmNumber1 
>> :punch.wa.us.dal.net 366 iAmNumber1 #44 :End of /NAMES list.
>> :punch.wa.us.dal.net 324 iAmNumber1 #42 + 
--> chanquery mode
<< MODE #43
>> :punch.wa.us.dal.net 329 iAmNumber1 #42 1726824770
--> event 329
>> :punch.wa.us.dal.net 324 iAmNumber1 #43 + 
--> chanquery mode
<< MODE #44
>> :punch.wa.us.dal.net 329 iAmNumber1 #43 1726824770
--> event 329
>> :punch.wa.us.dal.net 324 iAmNumber1 #44 + 
--> chanquery mode
<< WHO #42
>> :punch.wa.us.dal.net 329 iAmNumber1 #44 1726824770
--> event 329
>> :punch.wa.us.dal.net 352 iAmNumber1 #42 ~facarval da1b-4f6c-be9-f691-be3.210.62.ip punch.wa.us.dal.net iAmNumber1 H@ :0 flugubra
--> silent event who
>> :punch.wa.us.dal.net 315 iAmNumber1 #42 :End of /WHO list.
--> chanquery who end
<< WHO #43
>> :punch.wa.us.dal.net 352 iAmNumber1 #43 ~facarval da1b-4f6c-be9-f691-be3.210.62.ip punch.wa.us.dal.net iAmNumber1 H@ :0 flugubra
--> silent event who
>> :punch.wa.us.dal.net 315 iAmNumber1 #43 :End of /WHO list.
--> chanquery who end
<< WHO #44
>> :punch.wa.us.dal.net 352 iAmNumber1 #44 ~facarval da1b-4f6c-be9-f691-be3.210.62.ip punch.wa.us.dal.net iAmNumber1 H@ :0 flugubra
--> silent event who
>> :punch.wa.us.dal.net 315 iAmNumber1 #44 :End of /WHO list.
--> chanquery who end
<< MODE #42 b
>> :punch.wa.us.dal.net 368 iAmNumber1 #42 :End of Channel Ban List
--> chanquery ban end
<< MODE #43 b
>> :punch.wa.us.dal.net 368 iAmNumber1 #43 :End of Channel Ban List
--> chanquery ban end
<< MODE #44 b
>> :punch.wa.us.dal.net 368 iAmNumber1 #44 :End of Channel Ban List
--> chanquery ban end
>> :iAmNumber2!~facarval@da1b-4f6c-be9-f691-be3.210.62.ip JOIN :#42
>> :iAmNumber2!~facarval@da1b-4f6c-be9-f691-be3.210.62.ip JOIN :#43
>> :iAmNumber2!~facarval@da1b-4f6c-be9-f691-be3.210.62.ip JOIN :#44
<< PING punch.wa.us.dal.net
>> :punch.wa.us.dal.net PONG punch.wa.us.dal.net :iAmNumber1
--> lag pong
>> :iAmNumber2!~facarval@da1b-4f6c-be9-f691-be3.210.62.ip QUIT :Quit: leaving
