<< CAP LS
<< NICK test123
<< USER facarval facarval irc.dal.net :flugubra
>> :bifrost.ca.us.dal.net NOTICE AUTH :*** Looking up your hostname...
>> :bifrost.ca.us.dal.net NOTICE AUTH :*** Checking Ident
>> :bifrost.ca.us.dal.net NOTICE AUTH :*** Found your hostname
>> :bifrost.ca.us.dal.net NOTICE AUTH :*** No Ident response
>> :bifrost.ca.us.dal.net 001 test123 :Welcome to the DALnet IRC Network test123!~facarval@62.210.34.24
<< MODE test123 +i
>> :bifrost.ca.us.dal.net 002 test123 :Your host is bifrost.ca.us.dal.net, running version bahamut-2.2.2
>> :bifrost.ca.us.dal.net 003 test123 :This server was created Wed Oct 12 2022 at 17:21:47 EDT
>> :bifrost.ca.us.dal.net 004 test123 bifrost.ca.us.dal.net bahamut-2.2.2 aAbcCdefFghHiIjkKmnoOPrRsSwxXy AbceiIjklLmMnoOpPrRsStv beIjklov
>> :bifrost.ca.us.dal.net 005 test123 NETWORK=DALnet SAFELIST MAXBANS=200 MAXCHANNELS=30 CHANNELLEN=32 KICKLEN=307 NICKLEN=30 TOPICLEN=307 MODES=6 CHANTYPES=# CHANLIMIT=#:30 PREFIX=(ohv)@%+ STATUSMSG=@%+ :are available on this server
>> :bifrost.ca.us.dal.net 005 test123 CASEMAPPING=ascii WATCH=128 SILENCE=10 ELIST=cmntu EXCEPTS INVEX CHANMODES=beI,k,jl,ciPAmMnOprRsSt MAXLIST=b:200,e:100,I:100 TARGMAX=DCCALLOW:,JOIN:,KICK:4,KILL:20,NOTICE:20,PART:,PRIVMSG:20,WHOIS:,WHOWAS: :are available on this server
>> :bifrost.ca.us.dal.net 251 test123 :There are 60 users and 6928 invisible on 36 servers
>> :bifrost.ca.us.dal.net 252 test123 74 :IRC Operators online
>> :bifrost.ca.us.dal.net 254 test123 3612 :channels formed
>> :bifrost.ca.us.dal.net 255 test123 :I have 187 clients and 1 servers
>> :bifrost.ca.us.dal.net 265 test123 :Current local users: 187 Max: 601
>> :bifrost.ca.us.dal.net 266 test123 :Current global users: 6988 Max: 12060
>> :bifrost.ca.us.dal.net NOTICE test123 :*** Notice -- motd was last changed at 10/9/2024 21:08
>> :bifrost.ca.us.dal.net NOTICE test123 :*** Notice -- Please read the motd if you haven't read it
>> :bifrost.ca.us.dal.net 375 test123 :- bifrost.ca.us.dal.net Message of the Day - 
>> :bifrost.ca.us.dal.net 372 test123 :-   
>> :bifrost.ca.us.dal.net 372 test123 :-            *
>> :bifrost.ca.us.dal.net 372 test123 :- *  /\     The rainbow bridge
>> :bifrost.ca.us.dal.net 372 test123 :-       (())  leading from Asgard to Midgard.
>> :bifrost.ca.us.dal.net 372 test123 :-      ((OO))*    
>> :bifrost.ca.us.dal.net 372 test123 :-       (())  _     _  __               _
>> :bifrost.ca.us.dal.net 372 test123 :-    00      | |__ (_)/ _|_ __ ___  ___| |_
>> :bifrost.ca.us.dal.net 372 test123 :-    ||)     | '_ \| | |_| '__/ _ \/ __| __|
>> :bifrost.ca.us.dal.net 372 test123 :-    |/      | |_) | |  _| | | (_) \__ \ |_
>> :bifrost.ca.us.dal.net 372 test123 :-   (||      |_.__/|_|_| |_|  \___/|___/\__|
>> :bifrost.ca.us.dal.net 372 test123 :-    ||                bifrost.ca.us.dal.net
>> :bifrost.ca.us.dal.net 372 test123 :-    ||)   
>> :bifrost.ca.us.dal.net 372 test123 :-    |/   .__Administrators___________________.
>> :bifrost.ca.us.dal.net 372 test123 :-   (||   | * heimdall   [heimdall@dal.net]   |
>> :bifrost.ca.us.dal.net 372 test123 :-    ||   | * tau        [tau@dal.net]        |
>> :bifrost.ca.us.dal.net 372 test123 :-    ||)  |                                   |
>> :bifrost.ca.us.dal.net 372 test123 :-    |/   .__Operators________________________.
>> :bifrost.ca.us.dal.net 372 test123 :-   (||   | * adam       [adam@dal.net]       |
>> :bifrost.ca.us.dal.net 372 test123 :-    ||   | * CaeSpock   [caespock@dal.net]   |
>> :bifrost.ca.us.dal.net 372 test123 :-    ||)  | * chalcedony [chalcedony@dal.net] |
>> :bifrost.ca.us.dal.net 372 test123 :-    |/   | * Estella    [estella@dal.net]    |
>> :bifrost.ca.us.dal.net 372 test123 :-   (||   | * jeian      [jeian@dal.net]      |
>> :bifrost.ca.us.dal.net 372 test123 :-    ||   | * phil       [phil@dal.net]       |
>> :bifrost.ca.us.dal.net 372 test123 :-    ||)  | * Mobscene   [mobscene@dal.net]   |
>> :bifrost.ca.us.dal.net 372 test123 :-    |/   |                                   |
>> :bifrost.ca.us.dal.net 372 test123 :-   (||   .__Rules____________________________.
>> :bifrost.ca.us.dal.net 372 test123 :-    ||   | * No malicious bots.              |
>> :bifrost.ca.us.dal.net 372 test123 :-    ||)  | * No channel fillers of any kind. |
>> :bifrost.ca.us.dal.net 372 test123 :-    |/   | * No user/operator impersonators. |
>> :bifrost.ca.us.dal.net 372 test123 :-   (|/   |                                   |
>> :bifrost.ca.us.dal.net 372 test123 :-    ||   .__Channels_________________________.
>> :bifrost.ca.us.dal.net 372 test123 :-    ||   | * #OperHelp -> IRC Operator help  |
>> :bifrost.ca.us.dal.net 372 test123 :-    ||   | * #Help -> IRC/services help      |
>> :bifrost.ca.us.dal.net 372 test123 :-    ||   | * #Dragonrealm -> Network base    |
>> :bifrost.ca.us.dal.net 372 test123 :-   (OO)   ~~~~~~~~~~~~~~~~~~~~~~~~~~~~~~~~~~~
>> :bifrost.ca.us.dal.net 372 test123 :-    ()
>> :bifrost.ca.us.dal.net 372 test123 :- 
>> :bifrost.ca.us.dal.net 372 test123 :-        In loving memory of Carlos Anibarro.
>> :bifrost.ca.us.dal.net 372 test123 :- 
>> :bifrost.ca.us.dal.net 372 test123 :-    By connecting to this network, you agree to
>> :bifrost.ca.us.dal.net 372 test123 :-    abide by its acceptable use policy (AUP), 
>> :bifrost.ca.us.dal.net 372 test123 :-    available on our website: 
>> :bifrost.ca.us.dal.net 372 test123 :-                      https://www.dal.net/aup 
>> :bifrost.ca.us.dal.net 376 test123 :End of /MOTD command.
>> :test123 MODE test123 :+iH
>> :NickServ!service@dal.net NOTICE test123 :This nick is owned by someone else. Please choose another.
>> :NickServ!service@dal.net NOTICE test123 :If this is your nick, type: /msg NickServ@services.dal.net IDENTIFY <password>
>> :NickServ!service@dal.net NOTICE test123 :Your nick will be changed in 60 seconds if you do not comply.
<< PING bifrost.ca.us.dal.net
>> :bifrost.ca.us.dal.net PONG bifrost.ca.us.dal.net :test123
--> lag pong
<< NICK iAmUser1
>> :NickServ!service@dal.net NOTICE test123 :You now have 40 seconds to change your nick. The nick you are
>> :NickServ!service@dal.net NOTICE test123 :currently using is registered to another user.
>> :test123!~facarval@65f5-cbbf-5a57-89ba-40a3.210.62.ip NICK :iAmUser1
<< JOIN #42
>> :iAmUser1!~facarval@65f5-cbbf-5a57-89ba-40a3.210.62.ip JOIN :#42
>> :bifrost.ca.us.dal.net 332 iAmUser1 #42 :salut les gars
>> :bifrost.ca.us.dal.net 333 iAmUser1 #42 imAmUser2!~facarval@65f5-cbbf-5a57-89ba-40a3.210.62.ip 1727080423
>> :bifrost.ca.us.dal.net 353 iAmUser1 = #42 :iAmUser1 @imAmUser2 
>> :bifrost.ca.us.dal.net 366 iAmUser1 #42 :End of /NAMES list.
<< MODE #42
>> :bifrost.ca.us.dal.net 324 iAmUser1 #42 + 
--> chanquery mode
<< WHO #42
>> :bifrost.ca.us.dal.net 329 iAmUser1 #42 1727080416
--> event 329
>> :bifrost.ca.us.dal.net 352 iAmUser1 #42 ~facarval 65f5-cbbf-5a57-89ba-40a3.210.62.ip bifrost.ca.us.dal.net iAmUser1 H :0 flugubra
--> silent event who
>> :bifrost.ca.us.dal.net 352 iAmUser1 #42 ~facarval 65f5-cbbf-5a57-89ba-40a3.210.62.ip bitcoin.uk.eu.dal.net imAmUser2 H@ :3 flugubra
--> silent event who
>> :bifrost.ca.us.dal.net 315 iAmUser1 #42 :End of /WHO list.
--> chanquery who end
<< MODE #42 b
>> :bifrost.ca.us.dal.net 368 iAmUser1 #42 :End of Channel Ban List
--> chanquery ban end
<< TOPIC #42 :salut les gars c'est user 1
>> :iAmUser1!~facarval@65f5-cbbf-5a57-89ba-40a3.210.62.ip TOPIC #42 :salut les gars c'est user 1
<< PING bifrost.ca.us.dal.net
>> :bifrost.ca.us.dal.net PONG bifrost.ca.us.dal.net :iAmUser1
--> lag pong
>> :imAmUser2!~facarval@65f5-cbbf-5a57-89ba-40a3.210.62.ip TOPIC #42 :""
>> :imAmUser2!~facarval@65f5-cbbf-5a57-89ba-40a3.210.62.ip QUIT :Quit: 42
